<?xml version="1.0" encoding="UTF-8"?>
<!-- Generated by org.testng.reporters.JUnitReportReporter -->
<testsuite hostname="Lema" failures="0" tests="1" name="testing2.NewTestNGClass2" time="17.253" errors="0" timestamp="2023-02-23T08:42:32 CET" skipped="0">
  <testcase classname="testing2.NewTestNGClass2" name="OpenSite" time="17.253"/>
  <system-out/>
</testsuite> <!-- testing2.NewTestNGClass2 -->
