<?xml version="1.0" encoding="UTF-8"?>
<!-- Generated by org.testng.reporters.JUnitReportReporter -->
<testsuite skipped="0" hostname="Lema" name="testing.NewTestNGClass" tests="1" failures="0" timestamp="11 stu 2017 07:53:49 GMT" time="31.946" errors="0">
  <testcase name="OpenSite" time="31.946" classname="testing.NewTestNGClass"/>
</testsuite> <!-- testing.NewTestNGClass -->
