<?xml version="1.0" encoding="UTF-8"?>
<!-- Generated by org.testng.reporters.JUnitReportReporter -->
<testsuite hostname="Lema" failures="0" tests="1" name="testing2.NewTestNGClass2" time="14.090" errors="0" timestamp="2022-04-28T08:03:16 CEST" skipped="0">
  <testcase classname="testing2.NewTestNGClass2" name="OpenSite" time="14.090"/>
  <system-out/>
</testsuite> <!-- testing2.NewTestNGClass2 -->
