<?xml version="1.0" encoding="UTF-8"?>
<!-- Generated by org.testng.reporters.JUnitReportReporter -->
<testsuite hostname="Lema" failures="0" tests="1" name="testing2.NewTestNGClass2" time="19.962" errors="0" timestamp="2022-04-28T07:34:13 CEST" skipped="0">
  <testcase classname="testing2.NewTestNGClass2" name="OpenSite" time="19.962"/>
  <system-out/>
</testsuite> <!-- testing2.NewTestNGClass2 -->
